[2022-10-12 15:48:06] production.ERROR: Your configuration files are not serializable. {"exception":"[object] (LogicException(code: 0): Your configuration files are not serializable. at /opt/lampp/htdocs/edutech/vendor/laravel/framework/src/Illuminate/Foundation/Console/ConfigCacheCommand.php:71)
[stacktrace]
#0 /opt/lampp/htdocs/edutech/vendor/laravel/framework/src/Illuminate/Container/BoundMethod.php(36): Illuminate\\Foundation\\Console\\ConfigCacheCommand->handle()
#1 /opt/lampp/htdocs/edutech/vendor/laravel/framework/src/Illuminate/Container/Util.php(37): Illuminate\\Container\\BoundMethod::Illuminate\\Container\\{closure}()
#2 /opt/lampp/htdocs/edutech/vendor/laravel/framework/src/Illuminate/Container/BoundMethod.php(93): Illuminate\\Container\\Util::unwrapIfClosure()
#3 /opt/lampp/htdocs/edutech/vendor/laravel/framework/src/Illuminate/Container/BoundMethod.php(37): Illuminate\\Container\\BoundMethod::callBoundMethod()
#4 /opt/lampp/htdocs/edutech/vendor/laravel/framework/src/Illuminate/Container/Container.php(596): Illuminate\\Container\\BoundMethod::call()
#5 /opt/lampp/htdocs/edutech/vendor/laravel/framework/src/Illuminate/Console/Command.php(134): Illuminate\\Container\\Container->call()
#6 /opt/lampp/htdocs/edutech/vendor/symfony/console/Command/Command.php(298): Illuminate\\Console\\Command->execute()
#7 /opt/lampp/htdocs/edutech/vendor/laravel/framework/src/Illuminate/Console/Command.php(121): Symfony\\Component\\Console\\Command\\Command->run()
#8 /opt/lampp/htdocs/edutech/vendor/laravel/framework/src/Illuminate/Console/Concerns/CallsCommands.php(56): Illuminate\\Console\\Command->run()
#9 /opt/lampp/htdocs/edutech/vendor/laravel/framework/src/Illuminate/Console/Concerns/CallsCommands.php(28): Illuminate\\Console\\Command->runCommand()
#10 /opt/lampp/htdocs/edutech/vendor/laravel/framework/src/Illuminate/Foundation/Console/OptimizeCommand.php(30): Illuminate\\Console\\Command->call()
#11 /opt/lampp/htdocs/edutech/vendor/laravel/framework/src/Illuminate/Container/BoundMethod.php(36): Illuminate\\Foundation\\Console\\OptimizeCommand->handle()
#12 /opt/lampp/htdocs/edutech/vendor/laravel/framework/src/Illuminate/Container/Util.php(37): Illuminate\\Container\\BoundMethod::Illuminate\\Container\\{closure}()
#13 /opt/lampp/htdocs/edutech/vendor/laravel/framework/src/Illuminate/Container/BoundMethod.php(93): Illuminate\\Container\\Util::unwrapIfClosure()
#14 /opt/lampp/htdocs/edutech/vendor/laravel/framework/src/Illuminate/Container/BoundMethod.php(37): Illuminate\\Container\\BoundMethod::callBoundMethod()
#15 /opt/lampp/htdocs/edutech/vendor/laravel/framework/src/Illuminate/Container/Container.php(596): Illuminate\\Container\\BoundMethod::call()
#16 /opt/lampp/htdocs/edutech/vendor/laravel/framework/src/Illuminate/Console/Command.php(134): Illuminate\\Container\\Container->call()
#17 /opt/lampp/htdocs/edutech/vendor/symfony/console/Command/Command.php(298): Illuminate\\Console\\Command->execute()
#18 /opt/lampp/htdocs/edutech/vendor/laravel/framework/src/Illuminate/Console/Command.php(121): Symfony\\Component\\Console\\Command\\Command->run()
#19 /opt/lampp/htdocs/edutech/vendor/symfony/console/Application.php(1015): Illuminate\\Console\\Command->run()
#20 /opt/lampp/htdocs/edutech/vendor/symfony/console/Application.php(299): Symfony\\Component\\Console\\Application->doRunCommand()
#21 /opt/lampp/htdocs/edutech/vendor/symfony/console/Application.php(171): Symfony\\Component\\Console\\Application->doRun()
#22 /opt/lampp/htdocs/edutech/vendor/laravel/framework/src/Illuminate/Console/Application.php(93): Symfony\\Component\\Console\\Application->run()
#23 /opt/lampp/htdocs/edutech/vendor/laravel/framework/src/Illuminate/Foundation/Console/Kernel.php(129): Illuminate\\Console\\Application->run()
#24 /opt/lampp/htdocs/edutech/artisan(37): Illuminate\\Foundation\\Console\\Kernel->handle()
#25 {main}

[previous exception] [object] (Error(code: 0): Call to undefined method Closure::__set_state() at /opt/lampp/htdocs/edutech/bootstrap/cache/config.php:1878)
[stacktrace]
#0 /opt/lampp/htdocs/edutech/vendor/laravel/framework/src/Illuminate/Foundation/Console/ConfigCacheCommand.php(67): require()
#1 /opt/lampp/htdocs/edutech/vendor/laravel/framework/src/Illuminate/Container/BoundMethod.php(36): Illuminate\\Foundation\\Console\\ConfigCacheCommand->handle()
#2 /opt/lampp/htdocs/edutech/vendor/laravel/framework/src/Illuminate/Container/Util.php(37): Illuminate\\Container\\BoundMethod::Illuminate\\Container\\{closure}()
#3 /opt/lampp/htdocs/edutech/vendor/laravel/framework/src/Illuminate/Container/BoundMethod.php(93): Illuminate\\Container\\Util::unwrapIfClosure()
#4 /opt/lampp/htdocs/edutech/vendor/laravel/framework/src/Illuminate/Container/BoundMethod.php(37): Illuminate\\Container\\BoundMethod::callBoundMethod()
#5 /opt/lampp/htdocs/edutech/vendor/laravel/framework/src/Illuminate/Container/Container.php(596): Illuminate\\Container\\BoundMethod::call()
#6 /opt/lampp/htdocs/edutech/vendor/laravel/framework/src/Illuminate/Console/Command.php(134): Illuminate\\Container\\Container->call()
#7 /opt/lampp/htdocs/edutech/vendor/symfony/console/Command/Command.php(298): Illuminate\\Console\\Command->execute()
#8 /opt/lampp/htdocs/edutech/vendor/laravel/framework/src/Illuminate/Console/Command.php(121): Symfony\\Component\\Console\\Command\\Command->run()
#9 /opt/lampp/htdocs/edutech/vendor/laravel/framework/src/Illuminate/Console/Concerns/CallsCommands.php(56): Illuminate\\Console\\Command->run()
#10 /opt/lampp/htdocs/edutech/vendor/laravel/framework/src/Illuminate/Console/Concerns/CallsCommands.php(28): Illuminate\\Console\\Command->runCommand()
#11 /opt/lampp/htdocs/edutech/vendor/laravel/framework/src/Illuminate/Foundation/Console/OptimizeCommand.php(30): Illuminate\\Console\\Command->call()
#12 /opt/lampp/htdocs/edutech/vendor/laravel/framework/src/Illuminate/Container/BoundMethod.php(36): Illuminate\\Foundation\\Console\\OptimizeCommand->handle()
#13 /opt/lampp/htdocs/edutech/vendor/laravel/framework/src/Illuminate/Container/Util.php(37): Illuminate\\Container\\BoundMethod::Illuminate\\Container\\{closure}()
#14 /opt/lampp/htdocs/edutech/vendor/laravel/framework/src/Illuminate/Container/BoundMethod.php(93): Illuminate\\Container\\Util::unwrapIfClosure()
#15 /opt/lampp/htdocs/edutech/vendor/laravel/framework/src/Illuminate/Container/BoundMethod.php(37): Illuminate\\Container\\BoundMethod::callBoundMethod()
#16 /opt/lampp/htdocs/edutech/vendor/laravel/framework/src/Illuminate/Container/Container.php(596): Illuminate\\Container\\BoundMethod::call()
#17 /opt/lampp/htdocs/edutech/vendor/laravel/framework/src/Illuminate/Console/Command.php(134): Illuminate\\Container\\Container->call()
#18 /opt/lampp/htdocs/edutech/vendor/symfony/console/Command/Command.php(298): Illuminate\\Console\\Command->execute()
#19 /opt/lampp/htdocs/edutech/vendor/laravel/framework/src/Illuminate/Console/Command.php(121): Symfony\\Component\\Console\\Command\\Command->run()
#20 /opt/lampp/htdocs/edutech/vendor/symfony/console/Application.php(1015): Illuminate\\Console\\Command->run()
#21 /opt/lampp/htdocs/edutech/vendor/symfony/console/Application.php(299): Symfony\\Component\\Console\\Application->doRunCommand()
#22 /opt/lampp/htdocs/edutech/vendor/symfony/console/Application.php(171): Symfony\\Component\\Console\\Application->doRun()
#23 /opt/lampp/htdocs/edutech/vendor/laravel/framework/src/Illuminate/Console/Application.php(93): Symfony\\Component\\Console\\Application->run()
#24 /opt/lampp/htdocs/edutech/vendor/laravel/framework/src/Illuminate/Foundation/Console/Kernel.php(129): Illuminate\\Console\\Application->run()
#25 /opt/lampp/htdocs/edutech/artisan(37): Illuminate\\Foundation\\Console\\Kernel->handle()
#26 {main}
"} 
[2022-10-12 16:03:35] production.ERROR: Your configuration files are not serializable. {"exception":"[object] (LogicException(code: 0): Your configuration files are not serializable. at /opt/lampp/htdocs/edutech/vendor/laravel/framework/src/Illuminate/Foundation/Console/ConfigCacheCommand.php:71)
[stacktrace]
#0 /opt/lampp/htdocs/edutech/vendor/laravel/framework/src/Illuminate/Container/BoundMethod.php(36): Illuminate\\Foundation\\Console\\ConfigCacheCommand->handle()
#1 /opt/lampp/htdocs/edutech/vendor/laravel/framework/src/Illuminate/Container/Util.php(37): Illuminate\\Container\\BoundMethod::Illuminate\\Container\\{closure}()
#2 /opt/lampp/htdocs/edutech/vendor/laravel/framework/src/Illuminate/Container/BoundMethod.php(93): Illuminate\\Container\\Util::unwrapIfClosure()
#3 /opt/lampp/htdocs/edutech/vendor/laravel/framework/src/Illuminate/Container/BoundMethod.php(37): Illuminate\\Container\\BoundMethod::callBoundMethod()
#4 /opt/lampp/htdocs/edutech/vendor/laravel/framework/src/Illuminate/Container/Container.php(596): Illuminate\\Container\\BoundMethod::call()
#5 /opt/lampp/htdocs/edutech/vendor/laravel/framework/src/Illuminate/Console/Command.php(134): Illuminate\\Container\\Container->call()
#6 /opt/lampp/htdocs/edutech/vendor/symfony/console/Command/Command.php(298): Illuminate\\Console\\Command->execute()
#7 /opt/lampp/htdocs/edutech/vendor/laravel/framework/src/Illuminate/Console/Command.php(121): Symfony\\Component\\Console\\Command\\Command->run()
#8 /opt/lampp/htdocs/edutech/vendor/laravel/framework/src/Illuminate/Console/Concerns/CallsCommands.php(56): Illuminate\\Console\\Command->run()
#9 /opt/lampp/htdocs/edutech/vendor/laravel/framework/src/Illuminate/Console/Concerns/CallsCommands.php(28): Illuminate\\Console\\Command->runCommand()
#10 /opt/lampp/htdocs/edutech/vendor/laravel/framework/src/Illuminate/Foundation/Console/OptimizeCommand.php(30): Illuminate\\Console\\Command->call()
#11 /opt/lampp/htdocs/edutech/vendor/laravel/framework/src/Illuminate/Container/BoundMethod.php(36): Illuminate\\Foundation\\Console\\OptimizeCommand->handle()
#12 /opt/lampp/htdocs/edutech/vendor/laravel/framework/src/Illuminate/Container/Util.php(37): Illuminate\\Container\\BoundMethod::Illuminate\\Container\\{closure}()
#13 /opt/lampp/htdocs/edutech/vendor/laravel/framework/src/Illuminate/Container/BoundMethod.php(93): Illuminate\\Container\\Util::unwrapIfClosure()
#14 /opt/lampp/htdocs/edutech/vendor/laravel/framework/src/Illuminate/Container/BoundMethod.php(37): Illuminate\\Container\\BoundMethod::callBoundMethod()
#15 /opt/lampp/htdocs/edutech/vendor/laravel/framework/src/Illuminate/Container/Container.php(596): Illuminate\\Container\\BoundMethod::call()
#16 /opt/lampp/htdocs/edutech/vendor/laravel/framework/src/Illuminate/Console/Command.php(134): Illuminate\\Container\\Container->call()
#17 /opt/lampp/htdocs/edutech/vendor/symfony/console/Command/Command.php(298): Illuminate\\Console\\Command->execute()
#18 /opt/lampp/htdocs/edutech/vendor/laravel/framework/src/Illuminate/Console/Command.php(121): Symfony\\Component\\Console\\Command\\Command->run()
#19 /opt/lampp/htdocs/edutech/vendor/symfony/console/Application.php(1015): Illuminate\\Console\\Command->run()
#20 /opt/lampp/htdocs/edutech/vendor/symfony/console/Application.php(299): Symfony\\Component\\Console\\Application->doRunCommand()
#21 /opt/lampp/htdocs/edutech/vendor/symfony/console/Application.php(171): Symfony\\Component\\Console\\Application->doRun()
#22 /opt/lampp/htdocs/edutech/vendor/laravel/framework/src/Illuminate/Console/Application.php(93): Symfony\\Component\\Console\\Application->run()
#23 /opt/lampp/htdocs/edutech/vendor/laravel/framework/src/Illuminate/Foundation/Console/Kernel.php(129): Illuminate\\Console\\Application->run()
#24 /opt/lampp/htdocs/edutech/artisan(37): Illuminate\\Foundation\\Console\\Kernel->handle()
#25 {main}

[previous exception] [object] (Error(code: 0): Call to undefined method Closure::__set_state() at /opt/lampp/htdocs/edutech/bootstrap/cache/config.php:1878)
[stacktrace]
#0 /opt/lampp/htdocs/edutech/vendor/laravel/framework/src/Illuminate/Foundation/Console/ConfigCacheCommand.php(67): require()
#1 /opt/lampp/htdocs/edutech/vendor/laravel/framework/src/Illuminate/Container/BoundMethod.php(36): Illuminate\\Foundation\\Console\\ConfigCacheCommand->handle()
#2 /opt/lampp/htdocs/edutech/vendor/laravel/framework/src/Illuminate/Container/Util.php(37): Illuminate\\Container\\BoundMethod::Illuminate\\Container\\{closure}()
#3 /opt/lampp/htdocs/edutech/vendor/laravel/framework/src/Illuminate/Container/BoundMethod.php(93): Illuminate\\Container\\Util::unwrapIfClosure()
#4 /opt/lampp/htdocs/edutech/vendor/laravel/framework/src/Illuminate/Container/BoundMethod.php(37): Illuminate\\Container\\BoundMethod::callBoundMethod()
#5 /opt/lampp/htdocs/edutech/vendor/laravel/framework/src/Illuminate/Container/Container.php(596): Illuminate\\Container\\BoundMethod::call()
#6 /opt/lampp/htdocs/edutech/vendor/laravel/framework/src/Illuminate/Console/Command.php(134): Illuminate\\Container\\Container->call()
#7 /opt/lampp/htdocs/edutech/vendor/symfony/console/Command/Command.php(298): Illuminate\\Console\\Command->execute()
#8 /opt/lampp/htdocs/edutech/vendor/laravel/framework/src/Illuminate/Console/Command.php(121): Symfony\\Component\\Console\\Command\\Command->run()
#9 /opt/lampp/htdocs/edutech/vendor/laravel/framework/src/Illuminate/Console/Concerns/CallsCommands.php(56): Illuminate\\Console\\Command->run()
#10 /opt/lampp/htdocs/edutech/vendor/laravel/framework/src/Illuminate/Console/Concerns/CallsCommands.php(28): Illuminate\\Console\\Command->runCommand()
#11 /opt/lampp/htdocs/edutech/vendor/laravel/framework/src/Illuminate/Foundation/Console/OptimizeCommand.php(30): Illuminate\\Console\\Command->call()
#12 /opt/lampp/htdocs/edutech/vendor/laravel/framework/src/Illuminate/Container/BoundMethod.php(36): Illuminate\\Foundation\\Console\\OptimizeCommand->handle()
#13 /opt/lampp/htdocs/edutech/vendor/laravel/framework/src/Illuminate/Container/Util.php(37): Illuminate\\Container\\BoundMethod::Illuminate\\Container\\{closure}()
#14 /opt/lampp/htdocs/edutech/vendor/laravel/framework/src/Illuminate/Container/BoundMethod.php(93): Illuminate\\Container\\Util::unwrapIfClosure()
#15 /opt/lampp/htdocs/edutech/vendor/laravel/framework/src/Illuminate/Container/BoundMethod.php(37): Illuminate\\Container\\BoundMethod::callBoundMethod()
#16 /opt/lampp/htdocs/edutech/vendor/laravel/framework/src/Illuminate/Container/Container.php(596): Illuminate\\Container\\BoundMethod::call()
#17 /opt/lampp/htdocs/edutech/vendor/laravel/framework/src/Illuminate/Console/Command.php(134): Illuminate\\Container\\Container->call()
#18 /opt/lampp/htdocs/edutech/vendor/symfony/console/Command/Command.php(298): Illuminate\\Console\\Command->execute()
#19 /opt/lampp/htdocs/edutech/vendor/laravel/framework/src/Illuminate/Console/Command.php(121): Symfony\\Component\\Console\\Command\\Command->run()
#20 /opt/lampp/htdocs/edutech/vendor/symfony/console/Application.php(1015): Illuminate\\Console\\Command->run()
#21 /opt/lampp/htdocs/edutech/vendor/symfony/console/Application.php(299): Symfony\\Component\\Console\\Application->doRunCommand()
#22 /opt/lampp/htdocs/edutech/vendor/symfony/console/Application.php(171): Symfony\\Component\\Console\\Application->doRun()
#23 /opt/lampp/htdocs/edutech/vendor/laravel/framework/src/Illuminate/Console/Application.php(93): Symfony\\Component\\Console\\Application->run()
#24 /opt/lampp/htdocs/edutech/vendor/laravel/framework/src/Illuminate/Foundation/Console/Kernel.php(129): Illuminate\\Console\\Application->run()
#25 /opt/lampp/htdocs/edutech/artisan(37): Illuminate\\Foundation\\Console\\Kernel->handle()
#26 {main}
"} 
[2022-10-12 16:06:57] production.ERROR: Your configuration files are not serializable. {"exception":"[object] (LogicException(code: 0): Your configuration files are not serializable. at /opt/lampp/htdocs/edutech/vendor/laravel/framework/src/Illuminate/Foundation/Console/ConfigCacheCommand.php:71)
[stacktrace]
#0 /opt/lampp/htdocs/edutech/vendor/laravel/framework/src/Illuminate/Container/BoundMethod.php(36): Illuminate\\Foundation\\Console\\ConfigCacheCommand->handle()
#1 /opt/lampp/htdocs/edutech/vendor/laravel/framework/src/Illuminate/Container/Util.php(37): Illuminate\\Container\\BoundMethod::Illuminate\\Container\\{closure}()
#2 /opt/lampp/htdocs/edutech/vendor/laravel/framework/src/Illuminate/Container/BoundMethod.php(93): Illuminate\\Container\\Util::unwrapIfClosure()
#3 /opt/lampp/htdocs/edutech/vendor/laravel/framework/src/Illuminate/Container/BoundMethod.php(37): Illuminate\\Container\\BoundMethod::callBoundMethod()
#4 /opt/lampp/htdocs/edutech/vendor/laravel/framework/src/Illuminate/Container/Container.php(596): Illuminate\\Container\\BoundMethod::call()
#5 /opt/lampp/htdocs/edutech/vendor/laravel/framework/src/Illuminate/Console/Command.php(134): Illuminate\\Container\\Container->call()
#6 /opt/lampp/htdocs/edutech/vendor/symfony/console/Command/Command.php(298): Illuminate\\Console\\Command->execute()
#7 /opt/lampp/htdocs/edutech/vendor/laravel/framework/src/Illuminate/Console/Command.php(121): Symfony\\Component\\Console\\Command\\Command->run()
#8 /opt/lampp/htdocs/edutech/vendor/symfony/console/Application.php(1028): Illuminate\\Console\\Command->run()
#9 /opt/lampp/htdocs/edutech/vendor/symfony/console/Application.php(299): Symfony\\Component\\Console\\Application->doRunCommand()
#10 /opt/lampp/htdocs/edutech/vendor/symfony/console/Application.php(171): Symfony\\Component\\Console\\Application->doRun()
#11 /opt/lampp/htdocs/edutech/vendor/laravel/framework/src/Illuminate/Console/Application.php(93): Symfony\\Component\\Console\\Application->run()
#12 /opt/lampp/htdocs/edutech/vendor/laravel/framework/src/Illuminate/Foundation/Console/Kernel.php(129): Illuminate\\Console\\Application->run()
#13 /opt/lampp/htdocs/edutech/artisan(37): Illuminate\\Foundation\\Console\\Kernel->handle()
#14 {main}

[previous exception] [object] (Error(code: 0): Call to undefined method Closure::__set_state() at /opt/lampp/htdocs/edutech/bootstrap/cache/config.php:1879)
[stacktrace]
#0 /opt/lampp/htdocs/edutech/vendor/laravel/framework/src/Illuminate/Foundation/Console/ConfigCacheCommand.php(67): require()
#1 /opt/lampp/htdocs/edutech/vendor/laravel/framework/src/Illuminate/Container/BoundMethod.php(36): Illuminate\\Foundation\\Console\\ConfigCacheCommand->handle()
#2 /opt/lampp/htdocs/edutech/vendor/laravel/framework/src/Illuminate/Container/Util.php(37): Illuminate\\Container\\BoundMethod::Illuminate\\Container\\{closure}()
#3 /opt/lampp/htdocs/edutech/vendor/laravel/framework/src/Illuminate/Container/BoundMethod.php(93): Illuminate\\Container\\Util::unwrapIfClosure()
#4 /opt/lampp/htdocs/edutech/vendor/laravel/framework/src/Illuminate/Container/BoundMethod.php(37): Illuminate\\Container\\BoundMethod::callBoundMethod()
#5 /opt/lampp/htdocs/edutech/vendor/laravel/framework/src/Illuminate/Container/Container.php(596): Illuminate\\Container\\BoundMethod::call()
#6 /opt/lampp/htdocs/edutech/vendor/laravel/framework/src/Illuminate/Console/Command.php(134): Illuminate\\Container\\Container->call()
#7 /opt/lampp/htdocs/edutech/vendor/symfony/console/Command/Command.php(298): Illuminate\\Console\\Command->execute()
#8 /opt/lampp/htdocs/edutech/vendor/laravel/framework/src/Illuminate/Console/Command.php(121): Symfony\\Component\\Console\\Command\\Command->run()
#9 /opt/lampp/htdocs/edutech/vendor/symfony/console/Application.php(1028): Illuminate\\Console\\Command->run()
#10 /opt/lampp/htdocs/edutech/vendor/symfony/console/Application.php(299): Symfony\\Component\\Console\\Application->doRunCommand()
#11 /opt/lampp/htdocs/edutech/vendor/symfony/console/Application.php(171): Symfony\\Component\\Console\\Application->doRun()
#12 /opt/lampp/htdocs/edutech/vendor/laravel/framework/src/Illuminate/Console/Application.php(93): Symfony\\Component\\Console\\Application->run()
#13 /opt/lampp/htdocs/edutech/vendor/laravel/framework/src/Illuminate/Foundation/Console/Kernel.php(129): Illuminate\\Console\\Application->run()
#14 /opt/lampp/htdocs/edutech/artisan(37): Illuminate\\Foundation\\Console\\Kernel->handle()
#15 {main}
"} 
[2022-10-12 16:12:34] production.ERROR: Your configuration files are not serializable. {"exception":"[object] (LogicException(code: 0): Your configuration files are not serializable. at /opt/lampp/htdocs/edutech/vendor/laravel/framework/src/Illuminate/Foundation/Console/ConfigCacheCommand.php:71)
[stacktrace]
#0 /opt/lampp/htdocs/edutech/vendor/laravel/framework/src/Illuminate/Container/BoundMethod.php(36): Illuminate\\Foundation\\Console\\ConfigCacheCommand->handle()
#1 /opt/lampp/htdocs/edutech/vendor/laravel/framework/src/Illuminate/Container/Util.php(37): Illuminate\\Container\\BoundMethod::Illuminate\\Container\\{closure}()
#2 /opt/lampp/htdocs/edutech/vendor/laravel/framework/src/Illuminate/Container/BoundMethod.php(93): Illuminate\\Container\\Util::unwrapIfClosure()
#3 /opt/lampp/htdocs/edutech/vendor/laravel/framework/src/Illuminate/Container/BoundMethod.php(37): Illuminate\\Container\\BoundMethod::callBoundMethod()
#4 /opt/lampp/htdocs/edutech/vendor/laravel/framework/src/Illuminate/Container/Container.php(596): Illuminate\\Container\\BoundMethod::call()
#5 /opt/lampp/htdocs/edutech/vendor/laravel/framework/src/Illuminate/Console/Command.php(134): Illuminate\\Container\\Container->call()
#6 /opt/lampp/htdocs/edutech/vendor/symfony/console/Command/Command.php(298): Illuminate\\Console\\Command->execute()
#7 /opt/lampp/htdocs/edutech/vendor/laravel/framework/src/Illuminate/Console/Command.php(121): Symfony\\Component\\Console\\Command\\Command->run()
#8 /opt/lampp/htdocs/edutech/vendor/laravel/framework/src/Illuminate/Console/Concerns/CallsCommands.php(56): Illuminate\\Console\\Command->run()
#9 /opt/lampp/htdocs/edutech/vendor/laravel/framework/src/Illuminate/Console/Concerns/CallsCommands.php(28): Illuminate\\Console\\Command->runCommand()
#10 /opt/lampp/htdocs/edutech/vendor/laravel/framework/src/Illuminate/Foundation/Console/OptimizeCommand.php(30): Illuminate\\Console\\Command->call()
#11 /opt/lampp/htdocs/edutech/vendor/laravel/framework/src/Illuminate/Container/BoundMethod.php(36): Illuminate\\Foundation\\Console\\OptimizeCommand->handle()
#12 /opt/lampp/htdocs/edutech/vendor/laravel/framework/src/Illuminate/Container/Util.php(37): Illuminate\\Container\\BoundMethod::Illuminate\\Container\\{closure}()
#13 /opt/lampp/htdocs/edutech/vendor/laravel/framework/src/Illuminate/Container/BoundMethod.php(93): Illuminate\\Container\\Util::unwrapIfClosure()
#14 /opt/lampp/htdocs/edutech/vendor/laravel/framework/src/Illuminate/Container/BoundMethod.php(37): Illuminate\\Container\\BoundMethod::callBoundMethod()
#15 /opt/lampp/htdocs/edutech/vendor/laravel/framework/src/Illuminate/Container/Container.php(596): Illuminate\\Container\\BoundMethod::call()
#16 /opt/lampp/htdocs/edutech/vendor/laravel/framework/src/Illuminate/Console/Command.php(134): Illuminate\\Container\\Container->call()
#17 /opt/lampp/htdocs/edutech/vendor/symfony/console/Command/Command.php(298): Illuminate\\Console\\Command->execute()
#18 /opt/lampp/htdocs/edutech/vendor/laravel/framework/src/Illuminate/Console/Command.php(121): Symfony\\Component\\Console\\Command\\Command->run()
#19 /opt/lampp/htdocs/edutech/vendor/symfony/console/Application.php(1028): Illuminate\\Console\\Command->run()
#20 /opt/lampp/htdocs/edutech/vendor/symfony/console/Application.php(299): Symfony\\Component\\Console\\Application->doRunCommand()
#21 /opt/lampp/htdocs/edutech/vendor/symfony/console/Application.php(171): Symfony\\Component\\Console\\Application->doRun()
#22 /opt/lampp/htdocs/edutech/vendor/laravel/framework/src/Illuminate/Console/Application.php(93): Symfony\\Component\\Console\\Application->run()
#23 /opt/lampp/htdocs/edutech/vendor/laravel/framework/src/Illuminate/Foundation/Console/Kernel.php(129): Illuminate\\Console\\Application->run()
#24 /opt/lampp/htdocs/edutech/artisan(37): Illuminate\\Foundation\\Console\\Kernel->handle()
#25 {main}

[previous exception] [object] (Error(code: 0): Call to undefined method Closure::__set_state() at /opt/lampp/htdocs/edutech/bootstrap/cache/config.php:1879)
[stacktrace]
#0 /opt/lampp/htdocs/edutech/vendor/laravel/framework/src/Illuminate/Foundation/Console/ConfigCacheCommand.php(67): require()
#1 /opt/lampp/htdocs/edutech/vendor/laravel/framework/src/Illuminate/Container/BoundMethod.php(36): Illuminate\\Foundation\\Console\\ConfigCacheCommand->handle()
#2 /opt/lampp/htdocs/edutech/vendor/laravel/framework/src/Illuminate/Container/Util.php(37): Illuminate\\Container\\BoundMethod::Illuminate\\Container\\{closure}()
#3 /opt/lampp/htdocs/edutech/vendor/laravel/framework/src/Illuminate/Container/BoundMethod.php(93): Illuminate\\Container\\Util::unwrapIfClosure()
#4 /opt/lampp/htdocs/edutech/vendor/laravel/framework/src/Illuminate/Container/BoundMethod.php(37): Illuminate\\Container\\BoundMethod::callBoundMethod()
#5 /opt/lampp/htdocs/edutech/vendor/laravel/framework/src/Illuminate/Container/Container.php(596): Illuminate\\Container\\BoundMethod::call()
#6 /opt/lampp/htdocs/edutech/vendor/laravel/framework/src/Illuminate/Console/Command.php(134): Illuminate\\Container\\Container->call()
#7 /opt/lampp/htdocs/edutech/vendor/symfony/console/Command/Command.php(298): Illuminate\\Console\\Command->execute()
#8 /opt/lampp/htdocs/edutech/vendor/laravel/framework/src/Illuminate/Console/Command.php(121): Symfony\\Component\\Console\\Command\\Command->run()
#9 /opt/lampp/htdocs/edutech/vendor/laravel/framework/src/Illuminate/Console/Concerns/CallsCommands.php(56): Illuminate\\Console\\Command->run()
#10 /opt/lampp/htdocs/edutech/vendor/laravel/framework/src/Illuminate/Console/Concerns/CallsCommands.php(28): Illuminate\\Console\\Command->runCommand()
#11 /opt/lampp/htdocs/edutech/vendor/laravel/framework/src/Illuminate/Foundation/Console/OptimizeCommand.php(30): Illuminate\\Console\\Command->call()
#12 /opt/lampp/htdocs/edutech/vendor/laravel/framework/src/Illuminate/Container/BoundMethod.php(36): Illuminate\\Foundation\\Console\\OptimizeCommand->handle()
#13 /opt/lampp/htdocs/edutech/vendor/laravel/framework/src/Illuminate/Container/Util.php(37): Illuminate\\Container\\BoundMethod::Illuminate\\Container\\{closure}()
#14 /opt/lampp/htdocs/edutech/vendor/laravel/framework/src/Illuminate/Container/BoundMethod.php(93): Illuminate\\Container\\Util::unwrapIfClosure()
#15 /opt/lampp/htdocs/edutech/vendor/laravel/framework/src/Illuminate/Container/BoundMethod.php(37): Illuminate\\Container\\BoundMethod::callBoundMethod()
#16 /opt/lampp/htdocs/edutech/vendor/laravel/framework/src/Illuminate/Container/Container.php(596): Illuminate\\Container\\BoundMethod::call()
#17 /opt/lampp/htdocs/edutech/vendor/laravel/framework/src/Illuminate/Console/Command.php(134): Illuminate\\Container\\Container->call()
#18 /opt/lampp/htdocs/edutech/vendor/symfony/console/Command/Command.php(298): Illuminate\\Console\\Command->execute()
#19 /opt/lampp/htdocs/edutech/vendor/laravel/framework/src/Illuminate/Console/Command.php(121): Symfony\\Component\\Console\\Command\\Command->run()
#20 /opt/lampp/htdocs/edutech/vendor/symfony/console/Application.php(1028): Illuminate\\Console\\Command->run()
#21 /opt/lampp/htdocs/edutech/vendor/symfony/console/Application.php(299): Symfony\\Component\\Console\\Application->doRunCommand()
#22 /opt/lampp/htdocs/edutech/vendor/symfony/console/Application.php(171): Symfony\\Component\\Console\\Application->doRun()
#23 /opt/lampp/htdocs/edutech/vendor/laravel/framework/src/Illuminate/Console/Application.php(93): Symfony\\Component\\Console\\Application->run()
#24 /opt/lampp/htdocs/edutech/vendor/laravel/framework/src/Illuminate/Foundation/Console/Kernel.php(129): Illuminate\\Console\\Application->run()
#25 /opt/lampp/htdocs/edutech/artisan(37): Illuminate\\Foundation\\Console\\Kernel->handle()
#26 {main}
"} 
[2022-10-12 16:15:04] production.ERROR: Your configuration files are not serializable. {"exception":"[object] (LogicException(code: 0): Your configuration files are not serializable. at /opt/lampp/htdocs/edutech/vendor/laravel/framework/src/Illuminate/Foundation/Console/ConfigCacheCommand.php:71)
[stacktrace]
#0 /opt/lampp/htdocs/edutech/vendor/laravel/framework/src/Illuminate/Container/BoundMethod.php(36): Illuminate\\Foundation\\Console\\ConfigCacheCommand->handle()
#1 /opt/lampp/htdocs/edutech/vendor/laravel/framework/src/Illuminate/Container/Util.php(37): Illuminate\\Container\\BoundMethod::Illuminate\\Container\\{closure}()
#2 /opt/lampp/htdocs/edutech/vendor/laravel/framework/src/Illuminate/Container/BoundMethod.php(93): Illuminate\\Container\\Util::unwrapIfClosure()
#3 /opt/lampp/htdocs/edutech/vendor/laravel/framework/src/Illuminate/Container/BoundMethod.php(37): Illuminate\\Container\\BoundMethod::callBoundMethod()
#4 /opt/lampp/htdocs/edutech/vendor/laravel/framework/src/Illuminate/Container/Container.php(596): Illuminate\\Container\\BoundMethod::call()
#5 /opt/lampp/htdocs/edutech/vendor/laravel/framework/src/Illuminate/Console/Command.php(134): Illuminate\\Container\\Container->call()
#6 /opt/lampp/htdocs/edutech/vendor/symfony/console/Command/Command.php(298): Illuminate\\Console\\Command->execute()
#7 /opt/lampp/htdocs/edutech/vendor/laravel/framework/src/Illuminate/Console/Command.php(121): Symfony\\Component\\Console\\Command\\Command->run()
#8 /opt/lampp/htdocs/edutech/vendor/laravel/framework/src/Illuminate/Console/Concerns/CallsCommands.php(56): Illuminate\\Console\\Command->run()
#9 /opt/lampp/htdocs/edutech/vendor/laravel/framework/src/Illuminate/Console/Concerns/CallsCommands.php(28): Illuminate\\Console\\Command->runCommand()
#10 /opt/lampp/htdocs/edutech/vendor/laravel/framework/src/Illuminate/Foundation/Console/OptimizeCommand.php(30): Illuminate\\Console\\Command->call()
#11 /opt/lampp/htdocs/edutech/vendor/laravel/framework/src/Illuminate/Container/BoundMethod.php(36): Illuminate\\Foundation\\Console\\OptimizeCommand->handle()
#12 /opt/lampp/htdocs/edutech/vendor/laravel/framework/src/Illuminate/Container/Util.php(37): Illuminate\\Container\\BoundMethod::Illuminate\\Container\\{closure}()
#13 /opt/lampp/htdocs/edutech/vendor/laravel/framework/src/Illuminate/Container/BoundMethod.php(93): Illuminate\\Container\\Util::unwrapIfClosure()
#14 /opt/lampp/htdocs/edutech/vendor/laravel/framework/src/Illuminate/Container/BoundMethod.php(37): Illuminate\\Container\\BoundMethod::callBoundMethod()
#15 /opt/lampp/htdocs/edutech/vendor/laravel/framework/src/Illuminate/Container/Container.php(596): Illuminate\\Container\\BoundMethod::call()
#16 /opt/lampp/htdocs/edutech/vendor/laravel/framework/src/Illuminate/Console/Command.php(134): Illuminate\\Container\\Container->call()
#17 /opt/lampp/htdocs/edutech/vendor/symfony/console/Command/Command.php(298): Illuminate\\Console\\Command->execute()
#18 /opt/lampp/htdocs/edutech/vendor/laravel/framework/src/Illuminate/Console/Command.php(121): Symfony\\Component\\Console\\Command\\Command->run()
#19 /opt/lampp/htdocs/edutech/vendor/symfony/console/Application.php(1028): Illuminate\\Console\\Command->run()
#20 /opt/lampp/htdocs/edutech/vendor/symfony/console/Application.php(299): Symfony\\Component\\Console\\Application->doRunCommand()
#21 /opt/lampp/htdocs/edutech/vendor/symfony/console/Application.php(171): Symfony\\Component\\Console\\Application->doRun()
#22 /opt/lampp/htdocs/edutech/vendor/laravel/framework/src/Illuminate/Console/Application.php(93): Symfony\\Component\\Console\\Application->run()
#23 /opt/lampp/htdocs/edutech/vendor/laravel/framework/src/Illuminate/Foundation/Console/Kernel.php(129): Illuminate\\Console\\Application->run()
#24 /opt/lampp/htdocs/edutech/artisan(37): Illuminate\\Foundation\\Console\\Kernel->handle()
#25 {main}

[previous exception] [object] (Error(code: 0): Call to undefined method Closure::__set_state() at /opt/lampp/htdocs/edutech/bootstrap/cache/config.php:1879)
[stacktrace]
#0 /opt/lampp/htdocs/edutech/vendor/laravel/framework/src/Illuminate/Foundation/Console/ConfigCacheCommand.php(67): require()
#1 /opt/lampp/htdocs/edutech/vendor/laravel/framework/src/Illuminate/Container/BoundMethod.php(36): Illuminate\\Foundation\\Console\\ConfigCacheCommand->handle()
#2 /opt/lampp/htdocs/edutech/vendor/laravel/framework/src/Illuminate/Container/Util.php(37): Illuminate\\Container\\BoundMethod::Illuminate\\Container\\{closure}()
#3 /opt/lampp/htdocs/edutech/vendor/laravel/framework/src/Illuminate/Container/BoundMethod.php(93): Illuminate\\Container\\Util::unwrapIfClosure()
#4 /opt/lampp/htdocs/edutech/vendor/laravel/framework/src/Illuminate/Container/BoundMethod.php(37): Illuminate\\Container\\BoundMethod::callBoundMethod()
#5 /opt/lampp/htdocs/edutech/vendor/laravel/framework/src/Illuminate/Container/Container.php(596): Illuminate\\Container\\BoundMethod::call()
#6 /opt/lampp/htdocs/edutech/vendor/laravel/framework/src/Illuminate/Console/Command.php(134): Illuminate\\Container\\Container->call()
#7 /opt/lampp/htdocs/edutech/vendor/symfony/console/Command/Command.php(298): Illuminate\\Console\\Command->execute()
#8 /opt/lampp/htdocs/edutech/vendor/laravel/framework/src/Illuminate/Console/Command.php(121): Symfony\\Component\\Console\\Command\\Command->run()
#9 /opt/lampp/htdocs/edutech/vendor/laravel/framework/src/Illuminate/Console/Concerns/CallsCommands.php(56): Illuminate\\Console\\Command->run()
#10 /opt/lampp/htdocs/edutech/vendor/laravel/framework/src/Illuminate/Console/Concerns/CallsCommands.php(28): Illuminate\\Console\\Command->runCommand()
#11 /opt/lampp/htdocs/edutech/vendor/laravel/framework/src/Illuminate/Foundation/Console/OptimizeCommand.php(30): Illuminate\\Console\\Command->call()
#12 /opt/lampp/htdocs/edutech/vendor/laravel/framework/src/Illuminate/Container/BoundMethod.php(36): Illuminate\\Foundation\\Console\\OptimizeCommand->handle()
#13 /opt/lampp/htdocs/edutech/vendor/laravel/framework/src/Illuminate/Container/Util.php(37): Illuminate\\Container\\BoundMethod::Illuminate\\Container\\{closure}()
#14 /opt/lampp/htdocs/edutech/vendor/laravel/framework/src/Illuminate/Container/BoundMethod.php(93): Illuminate\\Container\\Util::unwrapIfClosure()
#15 /opt/lampp/htdocs/edutech/vendor/laravel/framework/src/Illuminate/Container/BoundMethod.php(37): Illuminate\\Container\\BoundMethod::callBoundMethod()
#16 /opt/lampp/htdocs/edutech/vendor/laravel/framework/src/Illuminate/Container/Container.php(596): Illuminate\\Container\\BoundMethod::call()
#17 /opt/lampp/htdocs/edutech/vendor/laravel/framework/src/Illuminate/Console/Command.php(134): Illuminate\\Container\\Container->call()
#18 /opt/lampp/htdocs/edutech/vendor/symfony/console/Command/Command.php(298): Illuminate\\Console\\Command->execute()
#19 /opt/lampp/htdocs/edutech/vendor/laravel/framework/src/Illuminate/Console/Command.php(121): Symfony\\Component\\Console\\Command\\Command->run()
#20 /opt/lampp/htdocs/edutech/vendor/symfony/console/Application.php(1028): Illuminate\\Console\\Command->run()
#21 /opt/lampp/htdocs/edutech/vendor/symfony/console/Application.php(299): Symfony\\Component\\Console\\Application->doRunCommand()
#22 /opt/lampp/htdocs/edutech/vendor/symfony/console/Application.php(171): Symfony\\Component\\Console\\Application->doRun()
#23 /opt/lampp/htdocs/edutech/vendor/laravel/framework/src/Illuminate/Console/Application.php(93): Symfony\\Component\\Console\\Application->run()
#24 /opt/lampp/htdocs/edutech/vendor/laravel/framework/src/Illuminate/Foundation/Console/Kernel.php(129): Illuminate\\Console\\Application->run()
#25 /opt/lampp/htdocs/edutech/artisan(37): Illuminate\\Foundation\\Console\\Kernel->handle()
#26 {main}
"} 
[2022-10-12 16:50:38] production.ERROR: Your configuration files are not serializable. {"exception":"[object] (LogicException(code: 0): Your configuration files are not serializable. at /opt/lampp/htdocs/edutech/vendor/laravel/framework/src/Illuminate/Foundation/Console/ConfigCacheCommand.php:71)
[stacktrace]
#0 /opt/lampp/htdocs/edutech/vendor/laravel/framework/src/Illuminate/Container/BoundMethod.php(36): Illuminate\\Foundation\\Console\\ConfigCacheCommand->handle()
#1 /opt/lampp/htdocs/edutech/vendor/laravel/framework/src/Illuminate/Container/Util.php(37): Illuminate\\Container\\BoundMethod::Illuminate\\Container\\{closure}()
#2 /opt/lampp/htdocs/edutech/vendor/laravel/framework/src/Illuminate/Container/BoundMethod.php(93): Illuminate\\Container\\Util::unwrapIfClosure()
#3 /opt/lampp/htdocs/edutech/vendor/laravel/framework/src/Illuminate/Container/BoundMethod.php(37): Illuminate\\Container\\BoundMethod::callBoundMethod()
#4 /opt/lampp/htdocs/edutech/vendor/laravel/framework/src/Illuminate/Container/Container.php(596): Illuminate\\Container\\BoundMethod::call()
#5 /opt/lampp/htdocs/edutech/vendor/laravel/framework/src/Illuminate/Console/Command.php(134): Illuminate\\Container\\Container->call()
#6 /opt/lampp/htdocs/edutech/vendor/symfony/console/Command/Command.php(298): Illuminate\\Console\\Command->execute()
#7 /opt/lampp/htdocs/edutech/vendor/laravel/framework/src/Illuminate/Console/Command.php(121): Symfony\\Component\\Console\\Command\\Command->run()
#8 /opt/lampp/htdocs/edutech/vendor/laravel/framework/src/Illuminate/Console/Concerns/CallsCommands.php(56): Illuminate\\Console\\Command->run()
#9 /opt/lampp/htdocs/edutech/vendor/laravel/framework/src/Illuminate/Console/Concerns/CallsCommands.php(28): Illuminate\\Console\\Command->runCommand()
#10 /opt/lampp/htdocs/edutech/vendor/laravel/framework/src/Illuminate/Foundation/Console/OptimizeCommand.php(30): Illuminate\\Console\\Command->call()
#11 /opt/lampp/htdocs/edutech/vendor/laravel/framework/src/Illuminate/Container/BoundMethod.php(36): Illuminate\\Foundation\\Console\\OptimizeCommand->handle()
#12 /opt/lampp/htdocs/edutech/vendor/laravel/framework/src/Illuminate/Container/Util.php(37): Illuminate\\Container\\BoundMethod::Illuminate\\Container\\{closure}()
#13 /opt/lampp/htdocs/edutech/vendor/laravel/framework/src/Illuminate/Container/BoundMethod.php(93): Illuminate\\Container\\Util::unwrapIfClosure()
#14 /opt/lampp/htdocs/edutech/vendor/laravel/framework/src/Illuminate/Container/BoundMethod.php(37): Illuminate\\Container\\BoundMethod::callBoundMethod()
#15 /opt/lampp/htdocs/edutech/vendor/laravel/framework/src/Illuminate/Container/Container.php(596): Illuminate\\Container\\BoundMethod::call()
#16 /opt/lampp/htdocs/edutech/vendor/laravel/framework/src/Illuminate/Console/Command.php(134): Illuminate\\Container\\Container->call()
#17 /opt/lampp/htdocs/edutech/vendor/symfony/console/Command/Command.php(298): Illuminate\\Console\\Command->execute()
#18 /opt/lampp/htdocs/edutech/vendor/laravel/framework/src/Illuminate/Console/Command.php(121): Symfony\\Component\\Console\\Command\\Command->run()
#19 /opt/lampp/htdocs/edutech/vendor/symfony/console/Application.php(1028): Illuminate\\Console\\Command->run()
#20 /opt/lampp/htdocs/edutech/vendor/symfony/console/Application.php(299): Symfony\\Component\\Console\\Application->doRunCommand()
#21 /opt/lampp/htdocs/edutech/vendor/symfony/console/Application.php(171): Symfony\\Component\\Console\\Application->doRun()
#22 /opt/lampp/htdocs/edutech/vendor/laravel/framework/src/Illuminate/Console/Application.php(93): Symfony\\Component\\Console\\Application->run()
#23 /opt/lampp/htdocs/edutech/vendor/laravel/framework/src/Illuminate/Foundation/Console/Kernel.php(129): Illuminate\\Console\\Application->run()
#24 /opt/lampp/htdocs/edutech/artisan(37): Illuminate\\Foundation\\Console\\Kernel->handle()
#25 {main}

[previous exception] [object] (Error(code: 0): Call to undefined method Closure::__set_state() at /opt/lampp/htdocs/edutech/bootstrap/cache/config.php:1879)
[stacktrace]
#0 /opt/lampp/htdocs/edutech/vendor/laravel/framework/src/Illuminate/Foundation/Console/ConfigCacheCommand.php(67): require()
#1 /opt/lampp/htdocs/edutech/vendor/laravel/framework/src/Illuminate/Container/BoundMethod.php(36): Illuminate\\Foundation\\Console\\ConfigCacheCommand->handle()
#2 /opt/lampp/htdocs/edutech/vendor/laravel/framework/src/Illuminate/Container/Util.php(37): Illuminate\\Container\\BoundMethod::Illuminate\\Container\\{closure}()
#3 /opt/lampp/htdocs/edutech/vendor/laravel/framework/src/Illuminate/Container/BoundMethod.php(93): Illuminate\\Container\\Util::unwrapIfClosure()
#4 /opt/lampp/htdocs/edutech/vendor/laravel/framework/src/Illuminate/Container/BoundMethod.php(37): Illuminate\\Container\\BoundMethod::callBoundMethod()
#5 /opt/lampp/htdocs/edutech/vendor/laravel/framework/src/Illuminate/Container/Container.php(596): Illuminate\\Container\\BoundMethod::call()
#6 /opt/lampp/htdocs/edutech/vendor/laravel/framework/src/Illuminate/Console/Command.php(134): Illuminate\\Container\\Container->call()
#7 /opt/lampp/htdocs/edutech/vendor/symfony/console/Command/Command.php(298): Illuminate\\Console\\Command->execute()
#8 /opt/lampp/htdocs/edutech/vendor/laravel/framework/src/Illuminate/Console/Command.php(121): Symfony\\Component\\Console\\Command\\Command->run()
#9 /opt/lampp/htdocs/edutech/vendor/laravel/framework/src/Illuminate/Console/Concerns/CallsCommands.php(56): Illuminate\\Console\\Command->run()
#10 /opt/lampp/htdocs/edutech/vendor/laravel/framework/src/Illuminate/Console/Concerns/CallsCommands.php(28): Illuminate\\Console\\Command->runCommand()
#11 /opt/lampp/htdocs/edutech/vendor/laravel/framework/src/Illuminate/Foundation/Console/OptimizeCommand.php(30): Illuminate\\Console\\Command->call()
#12 /opt/lampp/htdocs/edutech/vendor/laravel/framework/src/Illuminate/Container/BoundMethod.php(36): Illuminate\\Foundation\\Console\\OptimizeCommand->handle()
#13 /opt/lampp/htdocs/edutech/vendor/laravel/framework/src/Illuminate/Container/Util.php(37): Illuminate\\Container\\BoundMethod::Illuminate\\Container\\{closure}()
#14 /opt/lampp/htdocs/edutech/vendor/laravel/framework/src/Illuminate/Container/BoundMethod.php(93): Illuminate\\Container\\Util::unwrapIfClosure()
#15 /opt/lampp/htdocs/edutech/vendor/laravel/framework/src/Illuminate/Container/BoundMethod.php(37): Illuminate\\Container\\BoundMethod::callBoundMethod()
#16 /opt/lampp/htdocs/edutech/vendor/laravel/framework/src/Illuminate/Container/Container.php(596): Illuminate\\Container\\BoundMethod::call()
#17 /opt/lampp/htdocs/edutech/vendor/laravel/framework/src/Illuminate/Console/Command.php(134): Illuminate\\Container\\Container->call()
#18 /opt/lampp/htdocs/edutech/vendor/symfony/console/Command/Command.php(298): Illuminate\\Console\\Command->execute()
#19 /opt/lampp/htdocs/edutech/vendor/laravel/framework/src/Illuminate/Console/Command.php(121): Symfony\\Component\\Console\\Command\\Command->run()
#20 /opt/lampp/htdocs/edutech/vendor/symfony/console/Application.php(1028): Illuminate\\Console\\Command->run()
#21 /opt/lampp/htdocs/edutech/vendor/symfony/console/Application.php(299): Symfony\\Component\\Console\\Application->doRunCommand()
#22 /opt/lampp/htdocs/edutech/vendor/symfony/console/Application.php(171): Symfony\\Component\\Console\\Application->doRun()
#23 /opt/lampp/htdocs/edutech/vendor/laravel/framework/src/Illuminate/Console/Application.php(93): Symfony\\Component\\Console\\Application->run()
#24 /opt/lampp/htdocs/edutech/vendor/laravel/framework/src/Illuminate/Foundation/Console/Kernel.php(129): Illuminate\\Console\\Application->run()
#25 /opt/lampp/htdocs/edutech/artisan(37): Illuminate\\Foundation\\Console\\Kernel->handle()
#26 {main}
"} 
[2022-10-12 16:57:59] production.ERROR: Your configuration files are not serializable. {"exception":"[object] (LogicException(code: 0): Your configuration files are not serializable. at /opt/lampp/htdocs/edutech/vendor/laravel/framework/src/Illuminate/Foundation/Console/ConfigCacheCommand.php:71)
[stacktrace]
#0 /opt/lampp/htdocs/edutech/vendor/laravel/framework/src/Illuminate/Container/BoundMethod.php(36): Illuminate\\Foundation\\Console\\ConfigCacheCommand->handle()
#1 /opt/lampp/htdocs/edutech/vendor/laravel/framework/src/Illuminate/Container/Util.php(37): Illuminate\\Container\\BoundMethod::Illuminate\\Container\\{closure}()
#2 /opt/lampp/htdocs/edutech/vendor/laravel/framework/src/Illuminate/Container/BoundMethod.php(93): Illuminate\\Container\\Util::unwrapIfClosure()
#3 /opt/lampp/htdocs/edutech/vendor/laravel/framework/src/Illuminate/Container/BoundMethod.php(37): Illuminate\\Container\\BoundMethod::callBoundMethod()
#4 /opt/lampp/htdocs/edutech/vendor/laravel/framework/src/Illuminate/Container/Container.php(596): Illuminate\\Container\\BoundMethod::call()
#5 /opt/lampp/htdocs/edutech/vendor/laravel/framework/src/Illuminate/Console/Command.php(134): Illuminate\\Container\\Container->call()
#6 /opt/lampp/htdocs/edutech/vendor/symfony/console/Command/Command.php(298): Illuminate\\Console\\Command->execute()
#7 /opt/lampp/htdocs/edutech/vendor/laravel/framework/src/Illuminate/Console/Command.php(121): Symfony\\Component\\Console\\Command\\Command->run()
#8 /opt/lampp/htdocs/edutech/vendor/laravel/framework/src/Illuminate/Console/Concerns/CallsCommands.php(56): Illuminate\\Console\\Command->run()
#9 /opt/lampp/htdocs/edutech/vendor/laravel/framework/src/Illuminate/Console/Concerns/CallsCommands.php(28): Illuminate\\Console\\Command->runCommand()
#10 /opt/lampp/htdocs/edutech/vendor/laravel/framework/src/Illuminate/Foundation/Console/OptimizeCommand.php(30): Illuminate\\Console\\Command->call()
#11 /opt/lampp/htdocs/edutech/vendor/laravel/framework/src/Illuminate/Container/BoundMethod.php(36): Illuminate\\Foundation\\Console\\OptimizeCommand->handle()
#12 /opt/lampp/htdocs/edutech/vendor/laravel/framework/src/Illuminate/Container/Util.php(37): Illuminate\\Container\\BoundMethod::Illuminate\\Container\\{closure}()
#13 /opt/lampp/htdocs/edutech/vendor/laravel/framework/src/Illuminate/Container/BoundMethod.php(93): Illuminate\\Container\\Util::unwrapIfClosure()
#14 /opt/lampp/htdocs/edutech/vendor/laravel/framework/src/Illuminate/Container/BoundMethod.php(37): Illuminate\\Container\\BoundMethod::callBoundMethod()
#15 /opt/lampp/htdocs/edutech/vendor/laravel/framework/src/Illuminate/Container/Container.php(596): Illuminate\\Container\\BoundMethod::call()
#16 /opt/lampp/htdocs/edutech/vendor/laravel/framework/src/Illuminate/Console/Command.php(134): Illuminate\\Container\\Container->call()
#17 /opt/lampp/htdocs/edutech/vendor/symfony/console/Command/Command.php(298): Illuminate\\Console\\Command->execute()
#18 /opt/lampp/htdocs/edutech/vendor/laravel/framework/src/Illuminate/Console/Command.php(121): Symfony\\Component\\Console\\Command\\Command->run()
#19 /opt/lampp/htdocs/edutech/vendor/symfony/console/Application.php(1028): Illuminate\\Console\\Command->run()
#20 /opt/lampp/htdocs/edutech/vendor/symfony/console/Application.php(299): Symfony\\Component\\Console\\Application->doRunCommand()
#21 /opt/lampp/htdocs/edutech/vendor/symfony/console/Application.php(171): Symfony\\Component\\Console\\Application->doRun()
#22 /opt/lampp/htdocs/edutech/vendor/laravel/framework/src/Illuminate/Console/Application.php(93): Symfony\\Component\\Console\\Application->run()
#23 /opt/lampp/htdocs/edutech/vendor/laravel/framework/src/Illuminate/Foundation/Console/Kernel.php(129): Illuminate\\Console\\Application->run()
#24 /opt/lampp/htdocs/edutech/artisan(37): Illuminate\\Foundation\\Console\\Kernel->handle()
#25 {main}

[previous exception] [object] (Error(code: 0): Call to undefined method Closure::__set_state() at /opt/lampp/htdocs/edutech/bootstrap/cache/config.php:1879)
[stacktrace]
#0 /opt/lampp/htdocs/edutech/vendor/laravel/framework/src/Illuminate/Foundation/Console/ConfigCacheCommand.php(67): require()
#1 /opt/lampp/htdocs/edutech/vendor/laravel/framework/src/Illuminate/Container/BoundMethod.php(36): Illuminate\\Foundation\\Console\\ConfigCacheCommand->handle()
#2 /opt/lampp/htdocs/edutech/vendor/laravel/framework/src/Illuminate/Container/Util.php(37): Illuminate\\Container\\BoundMethod::Illuminate\\Container\\{closure}()
#3 /opt/lampp/htdocs/edutech/vendor/laravel/framework/src/Illuminate/Container/BoundMethod.php(93): Illuminate\\Container\\Util::unwrapIfClosure()
#4 /opt/lampp/htdocs/edutech/vendor/laravel/framework/src/Illuminate/Container/BoundMethod.php(37): Illuminate\\Container\\BoundMethod::callBoundMethod()
#5 /opt/lampp/htdocs/edutech/vendor/laravel/framework/src/Illuminate/Container/Container.php(596): Illuminate\\Container\\BoundMethod::call()
#6 /opt/lampp/htdocs/edutech/vendor/laravel/framework/src/Illuminate/Console/Command.php(134): Illuminate\\Container\\Container->call()
#7 /opt/lampp/htdocs/edutech/vendor/symfony/console/Command/Command.php(298): Illuminate\\Console\\Command->execute()
#8 /opt/lampp/htdocs/edutech/vendor/laravel/framework/src/Illuminate/Console/Command.php(121): Symfony\\Component\\Console\\Command\\Command->run()
#9 /opt/lampp/htdocs/edutech/vendor/laravel/framework/src/Illuminate/Console/Concerns/CallsCommands.php(56): Illuminate\\Console\\Command->run()
#10 /opt/lampp/htdocs/edutech/vendor/laravel/framework/src/Illuminate/Console/Concerns/CallsCommands.php(28): Illuminate\\Console\\Command->runCommand()
#11 /opt/lampp/htdocs/edutech/vendor/laravel/framework/src/Illuminate/Foundation/Console/OptimizeCommand.php(30): Illuminate\\Console\\Command->call()
#12 /opt/lampp/htdocs/edutech/vendor/laravel/framework/src/Illuminate/Container/BoundMethod.php(36): Illuminate\\Foundation\\Console\\OptimizeCommand->handle()
#13 /opt/lampp/htdocs/edutech/vendor/laravel/framework/src/Illuminate/Container/Util.php(37): Illuminate\\Container\\BoundMethod::Illuminate\\Container\\{closure}()
#14 /opt/lampp/htdocs/edutech/vendor/laravel/framework/src/Illuminate/Container/BoundMethod.php(93): Illuminate\\Container\\Util::unwrapIfClosure()
#15 /opt/lampp/htdocs/edutech/vendor/laravel/framework/src/Illuminate/Container/BoundMethod.php(37): Illuminate\\Container\\BoundMethod::callBoundMethod()
#16 /opt/lampp/htdocs/edutech/vendor/laravel/framework/src/Illuminate/Container/Container.php(596): Illuminate\\Container\\BoundMethod::call()
#17 /opt/lampp/htdocs/edutech/vendor/laravel/framework/src/Illuminate/Console/Command.php(134): Illuminate\\Container\\Container->call()
#18 /opt/lampp/htdocs/edutech/vendor/symfony/console/Command/Command.php(298): Illuminate\\Console\\Command->execute()
#19 /opt/lampp/htdocs/edutech/vendor/laravel/framework/src/Illuminate/Console/Command.php(121): Symfony\\Component\\Console\\Command\\Command->run()
#20 /opt/lampp/htdocs/edutech/vendor/symfony/console/Application.php(1028): Illuminate\\Console\\Command->run()
#21 /opt/lampp/htdocs/edutech/vendor/symfony/console/Application.php(299): Symfony\\Component\\Console\\Application->doRunCommand()
#22 /opt/lampp/htdocs/edutech/vendor/symfony/console/Application.php(171): Symfony\\Component\\Console\\Application->doRun()
#23 /opt/lampp/htdocs/edutech/vendor/laravel/framework/src/Illuminate/Console/Application.php(93): Symfony\\Component\\Console\\Application->run()
#24 /opt/lampp/htdocs/edutech/vendor/laravel/framework/src/Illuminate/Foundation/Console/Kernel.php(129): Illuminate\\Console\\Application->run()
#25 /opt/lampp/htdocs/edutech/artisan(37): Illuminate\\Foundation\\Console\\Kernel->handle()
#26 {main}
"} 
[2022-10-17 11:01:11] production.ERROR: SQLSTATE[HY000] [2002] Connection refused (SQL: select * from `sections`) {"exception":"[object] (Illuminate\\Database\\QueryException(code: 2002): SQLSTATE[HY000] [2002] Connection refused (SQL: select * from `sections`) at /opt/lampp/htdocs/edutech/vendor/laravel/framework/src/Illuminate/Database/Connection.php:671)
[stacktrace]
#0 /opt/lampp/htdocs/edutech/vendor/laravel/framework/src/Illuminate/Database/Connection.php(745): Illuminate\\Database\\Connection->runQueryCallback()
#1 /opt/lampp/htdocs/edutech/vendor/laravel/framework/src/Illuminate/Database/Connection.php(725): Illuminate\\Database\\Connection->tryAgainIfCausedByLostConnection()
#2 /opt/lampp/htdocs/edutech/vendor/laravel/framework/src/Illuminate/Database/Connection.php(634): Illuminate\\Database\\Connection->handleQueryException()
#3 /opt/lampp/htdocs/edutech/vendor/laravel/framework/src/Illuminate/Database/Connection.php(339): Illuminate\\Database\\Connection->run()
#4 /opt/lampp/htdocs/edutech/vendor/laravel/framework/src/Illuminate/Database/Query/Builder.php(2270): Illuminate\\Database\\Connection->select()
#5 /opt/lampp/htdocs/edutech/vendor/laravel/framework/src/Illuminate/Database/Query/Builder.php(2258): Illuminate\\Database\\Query\\Builder->runSelect()
#6 /opt/lampp/htdocs/edutech/vendor/laravel/framework/src/Illuminate/Database/Query/Builder.php(2753): Illuminate\\Database\\Query\\Builder->Illuminate\\Database\\Query\\{closure}()
#7 /opt/lampp/htdocs/edutech/vendor/laravel/framework/src/Illuminate/Database/Query/Builder.php(2259): Illuminate\\Database\\Query\\Builder->onceWithColumns()
#8 /opt/lampp/htdocs/edutech/vendor/laravel/framework/src/Illuminate/Database/Eloquent/Builder.php(548): Illuminate\\Database\\Query\\Builder->get()
#9 /opt/lampp/htdocs/edutech/vendor/laravel/framework/src/Illuminate/Database/Eloquent/Builder.php(532): Illuminate\\Database\\Eloquent\\Builder->getModels()
#10 /opt/lampp/htdocs/edutech/vendor/laravel/framework/src/Illuminate/Database/Eloquent/Model.php(491): Illuminate\\Database\\Eloquent\\Builder->get()
#11 /opt/lampp/htdocs/edutech/app/Providers/AuthServiceProvider.php(42): Illuminate\\Database\\Eloquent\\Model::all()
#12 /opt/lampp/htdocs/edutech/vendor/laravel/framework/src/Illuminate/Cache/Repository.php(383): App\\Providers\\AuthServiceProvider->App\\Providers\\{closure}()
#13 /opt/lampp/htdocs/edutech/vendor/laravel/framework/src/Illuminate/Cache/CacheManager.php(383): Illuminate\\Cache\\Repository->remember()
#14 /opt/lampp/htdocs/edutech/vendor/laravel/framework/src/Illuminate/Support/Facades/Facade.php(261): Illuminate\\Cache\\CacheManager->__call()
#15 /opt/lampp/htdocs/edutech/app/Providers/AuthServiceProvider.php(43): Illuminate\\Support\\Facades\\Facade::__callStatic()
#16 /opt/lampp/htdocs/edutech/vendor/laravel/framework/src/Illuminate/Container/BoundMethod.php(36): App\\Providers\\AuthServiceProvider->boot()
#17 /opt/lampp/htdocs/edutech/vendor/laravel/framework/src/Illuminate/Container/Util.php(37): Illuminate\\Container\\BoundMethod::Illuminate\\Container\\{closure}()
#18 /opt/lampp/htdocs/edutech/vendor/laravel/framework/src/Illuminate/Container/BoundMethod.php(93): Illuminate\\Container\\Util::unwrapIfClosure()
#19 /opt/lampp/htdocs/edutech/vendor/laravel/framework/src/Illuminate/Container/BoundMethod.php(37): Illuminate\\Container\\BoundMethod::callBoundMethod()
#20 /opt/lampp/htdocs/edutech/vendor/laravel/framework/src/Illuminate/Container/Container.php(596): Illuminate\\Container\\BoundMethod::call()
#21 /opt/lampp/htdocs/edutech/vendor/laravel/framework/src/Illuminate/Foundation/Application.php(867): Illuminate\\Container\\Container->call()
#22 /opt/lampp/htdocs/edutech/vendor/laravel/framework/src/Illuminate/Foundation/Application.php(850): Illuminate\\Foundation\\Application->bootProvider()
#23 [internal function]: Illuminate\\Foundation\\Application->Illuminate\\Foundation\\{closure}()
#24 /opt/lampp/htdocs/edutech/vendor/laravel/framework/src/Illuminate/Foundation/Application.php(851): array_walk()
#25 /opt/lampp/htdocs/edutech/vendor/laravel/framework/src/Illuminate/Foundation/Bootstrap/BootProviders.php(17): Illuminate\\Foundation\\Application->boot()
#26 /opt/lampp/htdocs/edutech/vendor/laravel/framework/src/Illuminate/Foundation/Application.php(230): Illuminate\\Foundation\\Bootstrap\\BootProviders->bootstrap()
#27 /opt/lampp/htdocs/edutech/vendor/laravel/framework/src/Illuminate/Foundation/Console/Kernel.php(310): Illuminate\\Foundation\\Application->bootstrapWith()
#28 /opt/lampp/htdocs/edutech/vendor/laravel/framework/src/Illuminate/Foundation/Console/Kernel.php(127): Illuminate\\Foundation\\Console\\Kernel->bootstrap()
#29 /opt/lampp/htdocs/edutech/artisan(37): Illuminate\\Foundation\\Console\\Kernel->handle()
#30 {main}

[previous exception] [object] (PDOException(code: 2002): SQLSTATE[HY000] [2002] Connection refused at /opt/lampp/htdocs/edutech/vendor/laravel/framework/src/Illuminate/Database/Connectors/Connector.php:70)
[stacktrace]
#0 /opt/lampp/htdocs/edutech/vendor/laravel/framework/src/Illuminate/Database/Connectors/Connector.php(70): PDO->__construct()
#1 /opt/lampp/htdocs/edutech/vendor/laravel/framework/src/Illuminate/Database/Connectors/Connector.php(100): Illuminate\\Database\\Connectors\\Connector->createPdoConnection()
#2 /opt/lampp/htdocs/edutech/vendor/laravel/framework/src/Illuminate/Database/Connectors/Connector.php(50): Illuminate\\Database\\Connectors\\Connector->tryAgainIfCausedByLostConnection()
#3 /opt/lampp/htdocs/edutech/vendor/laravel/framework/src/Illuminate/Database/Connectors/MySqlConnector.php(24): Illuminate\\Database\\Connectors\\Connector->createConnection()
#4 /opt/lampp/htdocs/edutech/vendor/laravel/framework/src/Illuminate/Database/Connectors/ConnectionFactory.php(184): Illuminate\\Database\\Connectors\\MySqlConnector->connect()
#5 [internal function]: Illuminate\\Database\\Connectors\\ConnectionFactory->Illuminate\\Database\\Connectors\\{closure}()
#6 /opt/lampp/htdocs/edutech/vendor/laravel/framework/src/Illuminate/Database/Connection.php(926): call_user_func()
#7 /opt/lampp/htdocs/edutech/vendor/laravel/framework/src/Illuminate/Database/Connection.php(961): Illuminate\\Database\\Connection->getPdo()
#8 /opt/lampp/htdocs/edutech/vendor/laravel/framework/src/Illuminate/Database/Connection.php(405): Illuminate\\Database\\Connection->getReadPdo()
#9 /opt/lampp/htdocs/edutech/vendor/laravel/framework/src/Illuminate/Database/Connection.php(331): Illuminate\\Database\\Connection->getPdoForSelect()
#10 /opt/lampp/htdocs/edutech/vendor/laravel/framework/src/Illuminate/Database/Connection.php(664): Illuminate\\Database\\Connection->Illuminate\\Database\\{closure}()
#11 /opt/lampp/htdocs/edutech/vendor/laravel/framework/src/Illuminate/Database/Connection.php(745): Illuminate\\Database\\Connection->runQueryCallback()
#12 /opt/lampp/htdocs/edutech/vendor/laravel/framework/src/Illuminate/Database/Connection.php(725): Illuminate\\Database\\Connection->tryAgainIfCausedByLostConnection()
#13 /opt/lampp/htdocs/edutech/vendor/laravel/framework/src/Illuminate/Database/Connection.php(634): Illuminate\\Database\\Connection->handleQueryException()
#14 /opt/lampp/htdocs/edutech/vendor/laravel/framework/src/Illuminate/Database/Connection.php(339): Illuminate\\Database\\Connection->run()
#15 /opt/lampp/htdocs/edutech/vendor/laravel/framework/src/Illuminate/Database/Query/Builder.php(2270): Illuminate\\Database\\Connection->select()
#16 /opt/lampp/htdocs/edutech/vendor/laravel/framework/src/Illuminate/Database/Query/Builder.php(2258): Illuminate\\Database\\Query\\Builder->runSelect()
#17 /opt/lampp/htdocs/edutech/vendor/laravel/framework/src/Illuminate/Database/Query/Builder.php(2753): Illuminate\\Database\\Query\\Builder->Illuminate\\Database\\Query\\{closure}()
#18 /opt/lampp/htdocs/edutech/vendor/laravel/framework/src/Illuminate/Database/Query/Builder.php(2259): Illuminate\\Database\\Query\\Builder->onceWithColumns()
#19 /opt/lampp/htdocs/edutech/vendor/laravel/framework/src/Illuminate/Database/Eloquent/Builder.php(548): Illuminate\\Database\\Query\\Builder->get()
#20 /opt/lampp/htdocs/edutech/vendor/laravel/framework/src/Illuminate/Database/Eloquent/Builder.php(532): Illuminate\\Database\\Eloquent\\Builder->getModels()
#21 /opt/lampp/htdocs/edutech/vendor/laravel/framework/src/Illuminate/Database/Eloquent/Model.php(491): Illuminate\\Database\\Eloquent\\Builder->get()
#22 /opt/lampp/htdocs/edutech/app/Providers/AuthServiceProvider.php(42): Illuminate\\Database\\Eloquent\\Model::all()
#23 /opt/lampp/htdocs/edutech/vendor/laravel/framework/src/Illuminate/Cache/Repository.php(383): App\\Providers\\AuthServiceProvider->App\\Providers\\{closure}()
#24 /opt/lampp/htdocs/edutech/vendor/laravel/framework/src/Illuminate/Cache/CacheManager.php(383): Illuminate\\Cache\\Repository->remember()
#25 /opt/lampp/htdocs/edutech/vendor/laravel/framework/src/Illuminate/Support/Facades/Facade.php(261): Illuminate\\Cache\\CacheManager->__call()
#26 /opt/lampp/htdocs/edutech/app/Providers/AuthServiceProvider.php(43): Illuminate\\Support\\Facades\\Facade::__callStatic()
#27 /opt/lampp/htdocs/edutech/vendor/laravel/framework/src/Illuminate/Container/BoundMethod.php(36): App\\Providers\\AuthServiceProvider->boot()
#28 /opt/lampp/htdocs/edutech/vendor/laravel/framework/src/Illuminate/Container/Util.php(37): Illuminate\\Container\\BoundMethod::Illuminate\\Container\\{closure}()
#29 /opt/lampp/htdocs/edutech/vendor/laravel/framework/src/Illuminate/Container/BoundMethod.php(93): Illuminate\\Container\\Util::unwrapIfClosure()
#30 /opt/lampp/htdocs/edutech/vendor/laravel/framework/src/Illuminate/Container/BoundMethod.php(37): Illuminate\\Container\\BoundMethod::callBoundMethod()
#31 /opt/lampp/htdocs/edutech/vendor/laravel/framework/src/Illuminate/Container/Container.php(596): Illuminate\\Container\\BoundMethod::call()
#32 /opt/lampp/htdocs/edutech/vendor/laravel/framework/src/Illuminate/Foundation/Application.php(867): Illuminate\\Container\\Container->call()
#33 /opt/lampp/htdocs/edutech/vendor/laravel/framework/src/Illuminate/Foundation/Application.php(850): Illuminate\\Foundation\\Application->bootProvider()
#34 [internal function]: Illuminate\\Foundation\\Application->Illuminate\\Foundation\\{closure}()
#35 /opt/lampp/htdocs/edutech/vendor/laravel/framework/src/Illuminate/Foundation/Application.php(851): array_walk()
#36 /opt/lampp/htdocs/edutech/vendor/laravel/framework/src/Illuminate/Foundation/Bootstrap/BootProviders.php(17): Illuminate\\Foundation\\Application->boot()
#37 /opt/lampp/htdocs/edutech/vendor/laravel/framework/src/Illuminate/Foundation/Application.php(230): Illuminate\\Foundation\\Bootstrap\\BootProviders->bootstrap()
#38 /opt/lampp/htdocs/edutech/vendor/laravel/framework/src/Illuminate/Foundation/Console/Kernel.php(310): Illuminate\\Foundation\\Application->bootstrapWith()
#39 /opt/lampp/htdocs/edutech/vendor/laravel/framework/src/Illuminate/Foundation/Console/Kernel.php(127): Illuminate\\Foundation\\Console\\Kernel->bootstrap()
#40 /opt/lampp/htdocs/edutech/artisan(37): Illuminate\\Foundation\\Console\\Kernel->handle()
#41 {main}
"} 
